<?xml version="1.0" encoding="UTF-8"?>
<!-- Generated by org.testng.reporters.JUnitXMLReporter -->
<testsuite ignored="0" hostname="DESKTOP-V5UJJLP" failures="0" tests="4" name="GRP-user-registration" time="0.13" errors="0" timestamp="2021-12-28T13:35:12 BDT">
  <testcase classname="testNG_practice.GroupsDemoTest" name="Test3" time="0.017"/>
  <testcase classname="testNG_practice.GroupsDemoTest" name="Test4" time="0.006"/>
  <testcase classname="testNG_practice.GroupsDemoTest" name="Test1" time="0.001"/>
  <testcase classname="testNG_practice.GroupsDemoTest" name="Test2" time="0.002"/>
</testsuite> <!-- GRP-user-registration -->
