<?xml version="1.0" encoding="UTF-8"?>
<!-- Generated by org.testng.reporters.JUnitXMLReporter -->
<testsuite ignored="2" hostname="DESKTOP-V5UJJLP" failures="0" tests="2" name="GRP-bvt" time="0.128" errors="0" timestamp="2021-12-28T13:30:12 BDT">
  <testcase classname="testNG_practice.GroupsDemoTest" name="Test3" time="0.017"/>
  <testcase classname="testNG_practice.GroupsDemoTest" name="Test4" time="0.002"/>
  <testcase classname="testNG_practice.GroupsDemoTest" name="Test2" time="0.0">
    <ignored/>
  </testcase> <!-- Test2 -->
  <testcase classname="testNG_practice.GroupsDemoTest" name="Test1" time="0.0">
    <ignored/>
  </testcase> <!-- Test1 -->
</testsuite> <!-- GRP-bvt -->
