<?xml version="1.0" encoding="UTF-8"?>
<!-- Generated by org.testng.reporters.JUnitXMLReporter -->
<testsuite ignored="1" hostname="DESKTOP-V5UJJLP" failures="0" tests="3" name="GRP-regression" time="0.054" errors="0" timestamp="2021-12-28T21:21:13 BDT">
  <testcase classname="testNG_practice.GroupsDemoTest" name="Test3" time="0.004"/>
  <testcase classname="testNG_practice.GroupsDemoTest" name="Test1" time="0.001"/>
  <testcase classname="testNG_practice.GroupsDemoTest" name="Test2" time="0.002"/>
  <testcase classname="testNG_practice.GroupsDemoTest" name="Test4" time="0.0">
    <ignored/>
  </testcase> <!-- Test4 -->
</testsuite> <!-- GRP-regression -->
