<?xml version="1.0" encoding="UTF-8"?>
<!-- Generated by org.testng.reporters.JUnitXMLReporter -->
<testsuite ignored="1" hostname="DESKTOP-V5UJJLP" failures="0" tests="1" name="Default test(failed)" time="12.191" errors="0" timestamp="2022-06-13T17:56:04 BDT">
  <testcase classname="chaldal_test.test_case" name="test_help_menu" time="6.29"/>
  <testcase classname="chaldal_test.test_case" name="test_logo_image_exists" time="0.0">
    <ignored/>
  </testcase> <!-- test_logo_image_exists -->
</testsuite> <!-- Default test(failed) -->
