<?xml version="1.0" encoding="UTF-8"?>
<!-- Generated by org.testng.reporters.JUnitXMLReporter -->
<testsuite ignored="0" hostname="DESKTOP-V5UJJLP" failures="1" tests="4" name="Test Before After Suite" time="0.041" errors="0" timestamp="2021-12-29T22:45:07 BDT">
  <testcase classname="testNG_practice.GroupsDemoTest2" name="Test3" time="0.004">
    <failure type="java.lang.Error" message="Unresolved compilation problem: 
	Syntax error, insert &amp;quot;;&amp;quot; to complete BlockStatements
">
      <![CDATA[java.lang.Error: Unresolved compilation problem: 
Syntax error, insert ";" to complete BlockStatements

at testNG_practice.GroupsDemoTest2.Test3(GroupsDemoTest2.java:22)
at java.base/java.util.ArrayList.forEach(ArrayList.java:1511)
... Removed 27 stack frames]]>
    </failure>
  </testcase> <!-- Test3 -->
  <testcase classname="testNG_practice.GroupsDemoTest2" name="Test4" time="0.001"/>
  <testcase classname="testNG_practice.GroupsDemoTest2" name="Test1" time="0.002"/>
  <testcase classname="testNG_practice.GroupsDemoTest2" name="Test2" time="0.001"/>
</testsuite> <!-- Test Before After Suite -->
