<?xml version="1.0" encoding="UTF-8"?>
<!-- Generated by org.testng.reporters.JUnitXMLReporter -->
<testsuite ignored="0" hostname="DESKTOP-V5UJJLP" failures="0" tests="4" name="Default test" time="72.573" errors="0" timestamp="2022-06-19T16:29:57 BDT">
  <testcase classname="Excel_DataDrivenTest.DataDrivenTest" name="loginTest" time="17.987"/>
  <testcase classname="Excel_DataDrivenTest.DataDrivenTest" name="loginTest" time="9.774"/>
  <testcase classname="Excel_DataDrivenTest.DataDrivenTest" name="loginTest" time="10.051"/>
  <testcase classname="Excel_DataDrivenTest.DataDrivenTest" name="loginTest" time="9.842"/>
</testsuite> <!-- Default test -->
