<?xml version="1.0" encoding="UTF-8"?>
<!-- Generated by org.testng.reporters.JUnitXMLReporter -->
<testsuite ignored="0" hostname="DESKTOP-V5UJJLP" failures="0" tests="4" name="Default test" time="80.073" errors="0" timestamp="2022-07-12T21:29:54 BDT">
  <testcase classname="Excel_DataDrivenTest.DataDrivenTest" name="loginTest" time="20.963"/>
  <testcase classname="Excel_DataDrivenTest.DataDrivenTest" name="loginTest" time="9.988"/>
  <testcase classname="Excel_DataDrivenTest.DataDrivenTest" name="loginTest" time="9.745"/>
  <testcase classname="Excel_DataDrivenTest.DataDrivenTest" name="loginTest" time="10.547"/>
</testsuite> <!-- Default test -->
