<?xml version="1.0" encoding="UTF-8"?>
<!-- Generated by org.testng.reporters.JUnitXMLReporter -->
<testsuite ignored="0" hostname="DESKTOP-V5UJJLP" failures="0" tests="11" name="Test" time="316.203" errors="0" timestamp="2022-06-18T00:46:39 BDT">
  <testcase classname="chaldal_test.test_case" name="test_logo_image" time="3.188"/>
  <testcase classname="chaldal_test.test_case" name="test_sign_in_out_using_number" time="48.004"/>
  <testcase classname="chaldal_test.test_case" name="test_help_menu" time="6.451"/>
  <testcase classname="chaldal_test.test_case" name="test_popular_product_count_shows_products" time="29.244"/>
  <testcase classname="chaldal_test.test_case" name="test_change_language" time="8.718"/>
  <testcase classname="chaldal_test.test_case" name="test_Terms_of_Service" time="16.655"/>
  <testcase classname="chaldal_test.test_case" name="test_Privacy_Policy" time="16.719"/>
  <testcase classname="chaldal_test.test_case" name="test_product_details_add_to_cart_without_login" time="21.731"/>
  <testcase classname="chaldal_test.test_case" name="test_current_location_live_chat" time="20.463"/>
  <testcase classname="chaldal_test.test_case" name="test_product_categories_total" time="0.483"/>
  <testcase classname="chaldal_test.test_case" name="test_product_pharmacy_total" time="4.562"/>
</testsuite> <!-- Test -->
