<?xml version="1.0" encoding="UTF-8"?>
<testng-results ignored="0" total="1" passed="1" failed="0" skipped="0">
  <reporter-output>
  </reporter-output>
  <suite started-at="2022-06-19T14:26:57 BDT" name="Default suite" finished-at="2022-06-19T14:26:58 BDT" duration-ms="910">
    <groups>
    </groups>
    <test started-at="2022-06-19T14:26:57 BDT" name="Default test" finished-at="2022-06-19T14:26:58 BDT" duration-ms="910">
      <class name="Excel_DataDrivenTest.ReadingDataFromExcel2">
        <test-method signature="test_read_data()[pri:0, instance:Excel_DataDrivenTest.ReadingDataFromExcel2@5e2c3d18]" started-at="2022-06-19T14:26:57 BDT" name="test_read_data" finished-at="2022-06-19T14:26:58 BDT" duration-ms="799" status="PASS">
          <reporter-output>
          </reporter-output>
        </test-method> <!-- test_read_data -->
      </class> <!-- Excel_DataDrivenTest.ReadingDataFromExcel2 -->
    </test> <!-- Default test -->
  </suite> <!-- Default suite -->
</testng-results>
