<?xml version="1.0" encoding="UTF-8"?>
<testng-results ignored="0" total="1" passed="1" failed="0" skipped="0">
  <reporter-output>
  </reporter-output>
  <suite started-at="2022-06-18T09:50:24 BDT" name="Default suite" finished-at="2022-06-18T09:50:27 BDT" duration-ms="3102">
    <groups>
    </groups>
    <test started-at="2022-06-18T09:50:24 BDT" name="Default test" finished-at="2022-06-18T09:50:27 BDT" duration-ms="3102">
      <class name="RestAssuredAutomation.TestExamples">
        <test-method signature="test_1()[pri:0, instance:RestAssuredAutomation.TestExamples@4a83a74a]" started-at="2022-06-18T09:50:24 BDT" name="test_1" finished-at="2022-06-18T09:50:27 BDT" duration-ms="2958" status="PASS">
          <reporter-output>
          </reporter-output>
        </test-method> <!-- test_1 -->
      </class> <!-- RestAssuredAutomation.TestExamples -->
    </test> <!-- Default test -->
  </suite> <!-- Default suite -->
</testng-results>
